2025-07-12 13:20:58 [main] INFO  Log - Starting application
2025-07-12 13:25:52 [main] INFO  Log - Starting application
2025-07-12 13:43:47 [main] INFO  Log - Starting application
2025-07-12 13:43:49 [JavaFX Application Thread] INFO  Log - Opening login window
2025-07-12 13:43:54 [JavaFX Application Thread] INFO  Log - Login button was pressed
2025-07-12 13:43:54 [JavaFX Application Thread] INFO  Log - Starting login
2025-07-12 13:43:54 [JavaFX Application Thread] INFO  Log - Login user
2025-07-12 13:43:55 [JavaFX Application Thread] WARN  Log - Logging failed, incorrect credentials
2025-07-12 14:19:44 [main] INFO  Log - Starting application
2025-07-12 14:19:47 [JavaFX Application Thread] INFO  Log - Application is closing
2025-07-12 14:33:23 [main] INFO  Log - Starting application
2025-07-12 14:33:25 [JavaFX Application Thread] INFO  Log - Opening login window
2025-07-12 14:33:32 [JavaFX Application Thread] INFO  Log - Login button was pressed
2025-07-12 14:33:32 [JavaFX Application Thread] INFO  Log - Starting login
2025-07-12 14:33:32 [JavaFX Application Thread] INFO  Log - Login user
2025-07-12 14:33:32 [JavaFX Application Thread] INFO  Log - Login successful
2025-07-12 14:33:32 [JavaFX Application Thread] INFO  Log - Opening dashboard window
2025-07-12 14:33:41 [JavaFX Application Thread] INFO  Log - Application is closing
2025-07-12 14:47:02 [main] INFO  Log - Starting application
2025-07-12 14:47:04 [JavaFX Application Thread] INFO  Log - Opening login window
2025-07-12 14:47:12 [JavaFX Application Thread] INFO  Log - Login button was pressed
2025-07-12 14:47:12 [JavaFX Application Thread] INFO  Log - Starting login
2025-07-12 14:47:12 [JavaFX Application Thread] INFO  Log - Login user
2025-07-12 14:47:12 [JavaFX Application Thread] INFO  Log - Login successful
2025-07-12 14:47:12 [JavaFX Application Thread] INFO  Log - Opening dashboard window
2025-07-12 14:47:12 [JavaFX Application Thread] INFO  Log - Check user role
2025-07-12 14:47:12 [JavaFX Application Thread] ERROR Log - Error while checking user role
2025-07-12 14:47:34 [JavaFX Application Thread] INFO  Log - Application is closing
2025-07-12 14:48:57 [main] INFO  Log - Starting application
2025-07-12 14:48:59 [JavaFX Application Thread] INFO  Log - Opening login window
2025-07-12 14:49:11 [JavaFX Application Thread] INFO  Log - Login button was pressed
2025-07-12 14:49:11 [JavaFX Application Thread] INFO  Log - Starting login
2025-07-12 14:49:11 [JavaFX Application Thread] INFO  Log - Login user
2025-07-12 14:49:11 [JavaFX Application Thread] INFO  Log - Login successful
2025-07-12 14:49:11 [JavaFX Application Thread] INFO  Log - Opening dashboard window
2025-07-12 14:49:11 [JavaFX Application Thread] INFO  Log - Check user role
2025-07-12 14:49:18 [JavaFX Application Thread] INFO  Log - Application is closing
2025-07-12 14:50:38 [main] INFO  Log - Starting application
2025-07-12 14:50:40 [JavaFX Application Thread] INFO  Log - Opening login window
2025-07-12 14:50:46 [JavaFX Application Thread] INFO  Log - Login button was pressed
2025-07-12 14:50:46 [JavaFX Application Thread] INFO  Log - Starting login
2025-07-12 14:50:46 [JavaFX Application Thread] INFO  Log - Login user
2025-07-12 14:50:47 [JavaFX Application Thread] INFO  Log - Login successful
2025-07-12 14:50:47 [JavaFX Application Thread] INFO  Log - Opening dashboard window
2025-07-12 14:50:47 [JavaFX Application Thread] INFO  Log - Check user role
2025-07-12 14:50:47 [JavaFX Application Thread] INFO  Log - Opening teacher dashboard
2025-07-12 16:55:46 [main] INFO  Log - Starting application
2025-07-12 16:55:46 [main] INFO  Log - Setting up default system manager
2025-07-12 16:56:18 [main] INFO  Log - Starting application
2025-07-12 16:56:18 [main] INFO  Log - Setting up default system manager
2025-07-12 16:56:20 [JavaFX Application Thread] INFO  Log - Opening register window
2025-07-12 16:56:25 [JavaFX Application Thread] INFO  Log - Register button was pressed
2025-07-12 16:56:25 [JavaFX Application Thread] INFO  Log - Starting register
2025-07-12 16:56:25 [JavaFX Application Thread] WARN  Log - Register failed, password does not match or is not valid
2025-07-12 16:56:30 [JavaFX Application Thread] INFO  Log - Application is closing
2025-07-12 17:03:46 [main] INFO  Log - Starting application
2025-07-12 17:03:46 [main] INFO  Log - Setting up default system manager
2025-07-12 17:04:07 [JavaFX Application Thread] INFO  Log - Opening register window
2025-07-12 17:04:34 [JavaFX Application Thread] INFO  Log - Register button was pressed
2025-07-12 17:04:34 [JavaFX Application Thread] INFO  Log - Starting register
2025-07-12 17:04:34 [JavaFX Application Thread] INFO  Log - Check in user present in database
2025-07-12 17:04:34 [JavaFX Application Thread] INFO  Log - Insert student into database
2025-07-12 17:04:51 [JavaFX Application Thread] INFO  Log - Login button was pressed
2025-07-12 17:04:51 [JavaFX Application Thread] INFO  Log - Starting login
2025-07-12 17:04:51 [JavaFX Application Thread] INFO  Log - Login user
2025-07-12 17:04:51 [JavaFX Application Thread] INFO  Log - Login successful
2025-07-12 17:04:51 [JavaFX Application Thread] INFO  Log - Opening dashboard window
2025-07-12 17:04:51 [JavaFX Application Thread] INFO  Log - Check user role
2025-07-12 17:04:52 [JavaFX Application Thread] INFO  Log - Opening student dashboard
2025-07-13 13:57:55 [JavaFX Application Thread] INFO  Log - Application is closing
2025-07-13 13:59:45 [main] INFO  Log - Starting application
2025-07-13 13:59:45 [main] INFO  Log - Setting up default system manager
2025-07-13 14:00:14 [main] INFO  Log - Starting application
2025-07-13 14:00:14 [main] INFO  Log - Setting up default system manager
2025-07-13 14:00:19 [main] INFO  Log - Creating a default manager
2025-07-13 14:00:19 [main] INFO  Log - Default manager created
2025-07-13 14:00:35 [JavaFX Application Thread] INFO  Log - Opening login window
2025-07-13 14:01:10 [JavaFX Application Thread] INFO  Log - Login button was pressed
2025-07-13 14:01:10 [JavaFX Application Thread] INFO  Log - Starting login
2025-07-13 14:01:10 [JavaFX Application Thread] INFO  Log - Login user
2025-07-13 14:01:10 [JavaFX Application Thread] WARN  Log - Logging failed, incorrect credentials
2025-07-13 14:01:28 [JavaFX Application Thread] INFO  Log - Application is closing
2025-07-13 14:02:54 [main] INFO  Log - Starting application
2025-07-13 14:02:54 [main] INFO  Log - Setting up default system manager
2025-07-13 14:03:04 [main] INFO  Log - Creating a default manager
2025-07-13 14:03:08 [main] INFO  Log - Starting application
2025-07-13 14:03:08 [main] INFO  Log - Setting up default system manager
2025-07-13 14:03:13 [main] INFO  Log - Creating a default manager
2025-07-13 14:03:53 [main] INFO  Log - Starting application
2025-07-13 14:03:53 [main] INFO  Log - Setting up default system manager
2025-07-13 14:03:54 [main] INFO  Log - Creating a default manager
2025-07-13 14:04:25 [JavaFX Application Thread] INFO  Log - Opening login window
2025-07-13 14:04:44 [main] INFO  Log - Starting application
2025-07-13 14:04:44 [main] INFO  Log - Setting up default system manager
2025-07-13 14:04:44 [main] INFO  Log - Creating a default manager
2025-07-13 14:04:55 [JavaFX Application Thread] INFO  Log - Opening login window
2025-07-13 14:05:16 [JavaFX Application Thread] INFO  Log - Login button was pressed
2025-07-13 14:05:16 [JavaFX Application Thread] INFO  Log - Starting login
2025-07-13 14:05:16 [JavaFX Application Thread] INFO  Log - Login user
2025-07-13 14:05:16 [JavaFX Application Thread] WARN  Log - Logging failed, incorrect credentials
2025-07-13 14:05:20 [JavaFX Application Thread] INFO  Log - Application is closing
2025-07-13 14:05:34 [main] INFO  Log - Starting application
2025-07-13 14:05:34 [main] INFO  Log - Setting up default system manager
2025-07-13 14:05:34 [main] INFO  Log - Creating a default manager
2025-07-13 14:05:38 [JavaFX Application Thread] INFO  Log - Opening login window
2025-07-13 14:05:47 [JavaFX Application Thread] INFO  Log - Login button was pressed
2025-07-13 14:05:47 [JavaFX Application Thread] INFO  Log - Starting login
2025-07-13 14:05:47 [JavaFX Application Thread] INFO  Log - Login user
2025-07-13 14:05:47 [JavaFX Application Thread] INFO  Log - Login successful
2025-07-13 14:05:47 [JavaFX Application Thread] INFO  Log - Opening dashboard window
2025-07-13 14:05:47 [JavaFX Application Thread] INFO  Log - Check user role
2025-07-13 14:05:47 [JavaFX Application Thread] INFO  Log - Opening student dashboard
2025-07-13 14:05:51 [JavaFX Application Thread] INFO  Log - Application is closing
2025-07-13 14:27:29 [main] INFO  Log - Starting application
2025-07-13 14:27:29 [main] INFO  Log - Deleting manager
2025-07-13 14:27:29 [main] INFO  Log - Deleting user
2025-07-13 14:27:30 [main] INFO  Log - User deleted was successfully
2025-07-13 14:27:30 [main] INFO  Log - Setting up default system manager
2025-07-13 14:27:30 [main] INFO  Log - Creating a default manager
2025-07-13 14:27:30 [main] INFO  Log - Default manager created
2025-07-13 14:27:32 [JavaFX Application Thread] INFO  Log - Opening login window
2025-07-13 14:27:41 [JavaFX Application Thread] INFO  Log - Login button was pressed
2025-07-13 14:27:41 [JavaFX Application Thread] INFO  Log - Starting login
2025-07-13 14:27:41 [JavaFX Application Thread] INFO  Log - Login user
2025-07-13 14:27:41 [JavaFX Application Thread] INFO  Log - Login successful
2025-07-13 14:27:41 [JavaFX Application Thread] INFO  Log - Opening dashboard window
2025-07-13 14:27:41 [JavaFX Application Thread] INFO  Log - Check user role
2025-07-13 14:27:41 [JavaFX Application Thread] INFO  Log - Opening student dashboard
2025-07-13 14:27:44 [JavaFX Application Thread] INFO  Log - Application is closing
2025-07-13 14:29:42 [main] INFO  Log - Starting application
2025-07-13 14:29:42 [main] INFO  Log - Deleting manager
2025-07-13 14:29:42 [main] INFO  Log - Deleting user
2025-07-13 14:29:42 [main] INFO  Log - User deleted was successfully
2025-07-13 14:29:42 [main] INFO  Log - Setting up default system manager
2025-07-13 14:29:42 [main] INFO  Log - Creating a default manager
2025-07-13 14:29:42 [main] INFO  Log - Default manager created
2025-07-13 14:29:45 [JavaFX Application Thread] INFO  Log - Application is closing
2025-07-13 14:29:54 [main] INFO  Log - Starting application
2025-07-13 14:29:54 [main] INFO  Log - Deleting manager
2025-07-13 14:29:54 [main] INFO  Log - Deleting user
2025-07-13 14:29:54 [main] INFO  Log - User deleted was successfully
2025-07-13 14:29:55 [main] INFO  Log - Setting up default system manager
2025-07-13 14:29:55 [main] INFO  Log - Creating a default manager
2025-07-13 14:29:55 [main] INFO  Log - Default manager created
2025-07-13 14:29:57 [JavaFX Application Thread] INFO  Log - Opening login window
2025-07-13 14:30:02 [JavaFX Application Thread] INFO  Log - Login button was pressed
2025-07-13 14:30:02 [JavaFX Application Thread] INFO  Log - Starting login
2025-07-13 14:30:02 [JavaFX Application Thread] INFO  Log - Login user
2025-07-13 14:30:02 [JavaFX Application Thread] INFO  Log - Login successful
2025-07-13 14:30:02 [JavaFX Application Thread] INFO  Log - Opening dashboard window
2025-07-13 14:30:02 [JavaFX Application Thread] INFO  Log - Check user role
2025-07-13 14:30:02 [JavaFX Application Thread] INFO  Log - Opening student dashboard
2025-07-13 14:59:13 [main] INFO  Log - Starting application
2025-07-13 14:59:13 [main] INFO  Log - Deleting manager
2025-07-13 14:59:13 [main] INFO  Log - Deleting user
2025-07-13 14:59:13 [main] INFO  Log - User deleted was successfully
2025-07-13 14:59:13 [main] INFO  Log - Setting up default system manager
2025-07-13 14:59:13 [main] INFO  Log - Creating a default manager
2025-07-13 14:59:16 [JavaFX Application Thread] INFO  Log - Opening login window
2025-07-13 14:59:21 [JavaFX Application Thread] INFO  Log - Login button was pressed
2025-07-13 14:59:21 [JavaFX Application Thread] INFO  Log - Starting login
2025-07-13 14:59:21 [JavaFX Application Thread] INFO  Log - Login user
2025-07-13 14:59:21 [JavaFX Application Thread] INFO  Log - Login successful
2025-07-13 14:59:21 [JavaFX Application Thread] INFO  Log - Opening dashboard window
2025-07-13 14:59:21 [JavaFX Application Thread] INFO  Log - Check user role
2025-07-13 14:59:22 [JavaFX Application Thread] INFO  Log - Opening manager dashboard
2025-07-13 14:59:32 [JavaFX Application Thread] INFO  Log - Application is closing
2025-07-13 14:59:48 [main] INFO  Log - Starting application
2025-07-13 14:59:48 [main] INFO  Log - Deleting manager
2025-07-13 14:59:48 [main] INFO  Log - Deleting user
2025-07-13 14:59:48 [main] INFO  Log - User deleted was successfully
2025-07-13 14:59:48 [main] INFO  Log - Setting up default system manager
2025-07-13 14:59:48 [main] INFO  Log - Creating a default manager
2025-07-13 14:59:50 [JavaFX Application Thread] INFO  Log - Opening login window
2025-07-13 14:59:54 [JavaFX Application Thread] INFO  Log - Login button was pressed
2025-07-13 14:59:54 [JavaFX Application Thread] INFO  Log - Starting login
2025-07-13 14:59:54 [JavaFX Application Thread] INFO  Log - Login user
2025-07-13 14:59:54 [JavaFX Application Thread] WARN  Log - Logging failed, incorrect credentials
2025-07-13 15:00:02 [JavaFX Application Thread] INFO  Log - Login button was pressed
2025-07-13 15:00:02 [JavaFX Application Thread] INFO  Log - Starting login
2025-07-13 15:00:02 [JavaFX Application Thread] INFO  Log - Login user
2025-07-13 15:00:02 [JavaFX Application Thread] INFO  Log - Login successful
2025-07-13 15:00:02 [JavaFX Application Thread] INFO  Log - Opening dashboard window
2025-07-13 15:00:02 [JavaFX Application Thread] INFO  Log - Check user role
2025-07-13 15:00:02 [JavaFX Application Thread] INFO  Log - Opening manager dashboard
2025-07-13 15:00:10 [JavaFX Application Thread] INFO  Log - Application is closing
